# JRE version: Java(TM) SE Runtime Environment (8.0_321-b07) (build 1.8.0_321-b07)
# Java VM: Java HotSpot(TM) 64-Bit Server VM (25.321-b07 mixed mode windows-amd64 compressed oops)
Heap:
 PSYoungGen      total 305152K, used 279616K [0x00000000d5580000, 0x00000000eaa00000, 0x0000000100000000)
  eden space 261632K, 100% used [0x00000000d5580000,0x00000000e5500000,0x00000000e5500000)
  from space 43520K, 41% used [0x00000000e7f80000,0x00000000e9110000,0x00000000eaa00000)
  to   space 43520K, 0% used [0x00000000e5500000,0x00000000e5500000,0x00000000e7f80000)
 ParOldGen       total 697856K, used 310856K [0x0000000080000000, 0x00000000aa980000, 0x00000000d5580000)
  object space 697856K, 44% used [0x0000000080000000,0x0000000092f92330,0x00000000aa980000)
 Metaspace       used 4357K, capacity 5086K, committed 5376K, reserved 1056768K
  class space    used 452K, capacity 466K, committed 512K, reserved 1048576K
GC Heap History (10 events):
Event: 3.891 GC heap before
{Heap before GC invocations=10 (full 0):
 PSYoungGen      total 305152K, used 305144K [0x00000000d5580000, 0x00000000eaa00000, 0x0000000100000000)
  eden space 261632K, 100% used [0x00000000d5580000,0x00000000e5500000,0x00000000e5500000)
  from space 43520K, 99% used [0x00000000e5500000,0x00000000e7f7e210,0x00000000e7f80000)
  to   space 43520K, 0% used [0x00000000e7f80000,0x00000000e7f80000,0x00000000eaa00000)
 ParOldGen       total 697856K, used 173271K [0x0000000080000000, 0x00000000aa980000, 0x00000000d5580000)
  object space 697856K, 24% used [0x0000000080000000,0x000000008a935d70,0x00000000aa980000)
 Metaspace       used 3820K, capacity 4918K, committed 5120K, reserved 1056768K
  class space    used 402K, capacity 426K, committed 512K, reserved 1048576K
Event: 3.927 GC heap after
Heap after GC invocations=10 (full 0):
 PSYoungGen      total 305152K, used 33232K [0x00000000d5580000, 0x00000000eaa00000, 0x0000000100000000)
  eden space 261632K, 0% used [0x00000000d5580000,0x00000000d5580000,0x00000000e5500000)
  from space 43520K, 76% used [0x00000000e7f80000,0x00000000e9ff4030,0x00000000eaa00000)
  to   space 43520K, 0% used [0x00000000e5500000,0x00000000e5500000,0x00000000e7f80000)
 ParOldGen       total 697856K, used 202131K [0x0000000080000000, 0x00000000aa980000, 0x00000000d5580000)
  object space 697856K, 28% used [0x0000000080000000,0x000000008c564fb0,0x00000000aa980000)
 Metaspace       used 3820K, capacity 4918K, committed 5120K, reserved 1056768K
  class space    used 402K, capacity 426K, committed 512K, reserved 1048576K
}
Event: 4.152 GC heap before
{Heap before GC invocations=11 (full 0):
 PSYoungGen      total 305152K, used 294864K [0x00000000d5580000, 0x00000000eaa00000, 0x0000000100000000)
  eden space 261632K, 100% used [0x00000000d5580000,0x00000000e5500000,0x00000000e5500000)
  from space 43520K, 76% used [0x00000000e7f80000,0x00000000e9ff4030,0x00000000eaa00000)
  to   space 43520K, 0% used [0x00000000e5500000,0x00000000e5500000,0x00000000e7f80000)
 ParOldGen       total 697856K, used 202131K [0x0000000080000000, 0x00000000aa980000, 0x00000000d5580000)
  object space 697856K, 28% used [0x0000000080000000,0x000000008c564fb0,0x00000000aa980000)
 Metaspace       used 3820K, capacity 4918K, committed 5120K, reserved 1056768K
  class space    used 402K, capacity 426K, committed 512K, reserved 1048576K
Event: 4.209 GC heap after
Heap after GC invocations=11 (full 0):
 PSYoungGen      total 305152K, used 18624K [0x00000000d5580000, 0x00000000eaa00000, 0x0000000100000000)
  eden space 261632K, 0% used [0x00000000d5580000,0x00000000d5580000,0x00000000e5500000)
  from space 43520K, 42% used [0x00000000e5500000,0x00000000e6730000,0x00000000e7f80000)
  to   space 43520K, 0% used [0x00000000e7f80000,0x00000000e7f80000,0x00000000eaa00000)
 ParOldGen       total 697856K, used 235368K [0x0000000080000000, 0x00000000aa980000, 0x00000000d5580000)
  object space 697856K, 33% used [0x0000000080000000,0x000000008e5da000,0x00000000aa980000)
 Metaspace       used 3820K, capacity 4918K, committed 5120K, reserved 1056768K
  class space    used 402K, capacity 426K, committed 512K, reserved 1048576K
}
Event: 4.458 GC heap before
{Heap before GC invocations=12 (full 0):
 PSYoungGen      total 305152K, used 280256K [0x00000000d5580000, 0x00000000eaa00000, 0x0000000100000000)
  eden space 261632K, 100% used [0x00000000d5580000,0x00000000e5500000,0x00000000e5500000)
  from space 43520K, 42% used [0x00000000e5500000,0x00000000e6730000,0x00000000e7f80000)
  to   space 43520K, 0% used [0x00000000e7f80000,0x00000000e7f80000,0x00000000eaa00000)
 ParOldGen       total 697856K, used 235368K [0x0000000080000000, 0x00000000aa980000, 0x00000000d5580000)
  object space 697856K, 33% used [0x0000000080000000,0x000000008e5da000,0x00000000aa980000)
 Metaspace       used 3820K, capacity 4918K, committed 5120K, reserved 1056768K
  class space    used 402K, capacity 426K, committed 512K, reserved 1048576K
Event: 4.483 GC heap after
Heap after GC invocations=12 (full 0):
 PSYoungGen      total 305152K, used 39876K [0x00000000d5580000, 0x00000000eaa00000, 0x0000000100000000)
  eden space 261632K, 0% used [0x00000000d5580000,0x00000000d5580000,0x00000000e5500000)
  from space 43520K, 91% used [0x00000000e7f80000,0x00000000ea671300,0x00000000eaa00000)
  to   space 43520K, 0% used [0x00000000e5500000,0x00000000e5500000,0x00000000e7f80000)
 ParOldGen       total 697856K, used 253696K [0x0000000080000000, 0x00000000aa980000, 0x00000000d5580000)
  object space 697856K, 36% used [0x0000000080000000,0x000000008f7c0010,0x00000000aa980000)
 Metaspace       used 3820K, capacity 4918K, committed 5120K, reserved 1056768K
  class space    used 402K, capacity 426K, committed 512K, reserved 1048576K
}
Event: 4.803 GC heap before
{Heap before GC invocations=13 (full 0):
 PSYoungGen      total 305152K, used 301508K [0x00000000d5580000, 0x00000000eaa00000, 0x0000000100000000)
  eden space 261632K, 100% used [0x00000000d5580000,0x00000000e5500000,0x00000000e5500000)
  from space 43520K, 91% used [0x00000000e7f80000,0x00000000ea671300,0x00000000eaa00000)
  to   space 43520K, 0% used [0x00000000e5500000,0x00000000e5500000,0x00000000e7f80000)
 ParOldGen       total 697856K, used 253696K [0x0000000080000000, 0x00000000aa980000, 0x00000000d5580000)
  object space 697856K, 36% used [0x0000000080000000,0x000000008f7c0010,0x00000000aa980000)
 Metaspace       used 3820K, capacity 4918K, committed 5120K, reserved 1056768K
  class space    used 402K, capacity 426K, committed 512K, reserved 1048576K
Event: 4.844 GC heap after
Heap after GC invocations=13 (full 0):
 PSYoungGen      total 305152K, used 17760K [0x00000000d5580000, 0x00000000eaa00000, 0x0000000100000000)
  eden space 261632K, 0% used [0x00000000d5580000,0x00000000d5580000,0x00000000e5500000)
  from space 43520K, 40% used [0x00000000e5500000,0x00000000e6658000,0x00000000e7f80000)
  to   space 43520K, 0% used [0x00000000e7f80000,0x00000000e7f80000,0x00000000eaa00000)
 ParOldGen       total 697856K, used 293404K [0x0000000080000000, 0x00000000aa980000, 0x00000000d5580000)
  object space 697856K, 42% used [0x0000000080000000,0x0000000091e87310,0x00000000aa980000)
 Metaspace       used 3820K, capacity 4918K, committed 5120K, reserved 1056768K
  class space    used 402K, capacity 426K, committed 512K, reserved 1048576K
}
Event: 5.250 GC heap before
{Heap before GC invocations=14 (full 0):
 PSYoungGen      total 305152K, used 279392K [0x00000000d5580000, 0x00000000eaa00000, 0x0000000100000000)
  eden space 261632K, 100% used [0x00000000d5580000,0x00000000e5500000,0x00000000e5500000)
  from space 43520K, 40% used [0x00000000e5500000,0x00000000e6658000,0x00000000e7f80000)
  to   space 43520K, 0% used [0x00000000e7f80000,0x00000000e7f80000,0x00000000eaa00000)
 ParOldGen       total 697856K, used 293404K [0x0000000080000000, 0x00000000aa980000, 0x00000000d5580000)
  object space 697856K, 42% used [0x0000000080000000,0x0000000091e87310,0x00000000aa980000)
 Metaspace       used 3820K, capacity 4918K, committed 5120K, reserved 1056768K
  class space    used 402K, capacity 426K, committed 512K, reserved 1048576K
Event: 5.366 GC heap after
Heap after GC invocations=14 (full 0):
 PSYoungGen      total 305152K, used 17984K [0x00000000d5580000, 0x00000000eaa00000, 0x0000000100000000)
  eden space 261632K, 0% used [0x00000000d5580000,0x00000000d5580000,0x00000000e5500000)
  from space 43520K, 41% used [0x00000000e7f80000,0x00000000e9110000,0x00000000eaa00000)
  to   space 43520K, 0% used [0x00000000e5500000,0x00000000e5500000,0x00000000e7f80000)
 ParOldGen       total 697856K, used 310856K [0x0000000080000000, 0x00000000aa980000, 0x00000000d5580000)
  object space 697856K, 44% used [0x0000000080000000,0x0000000092f92330,0x00000000aa980000)
 Metaspace       used 3820K, capacity 4918K, committed 5120K, reserved 1056768K
  class space    used 402K, capacity 426K, committed 512K, reserved 1048576K
}

